<?xml version="1.0" encoding="UTF-8"?>
<testsuite xmlns:xsi="http://www.w3.org/2001/XMLSchema-instance" xsi:noNamespaceSchemaLocation="https://maven.apache.org/surefire/maven-surefire-plugin/xsd/surefire-test-report-3.0.xsd" version="3.0" name="com.lockedin.lockedin.model.dao.UserDAOTest" time="0.292" tests="12" errors="0" skipped="0" failures="0">
  <properties>
[...]
</properties>
  <testcase name="updateFirstName_returnsTrue_andPersists" classname="com.lockedin.lockedin.model.dao.UserDAOTest" time="0.271"/>
  <testcase name="createUser_assignsGeneratedId" classname="com.lockedin.lockedin.model.dao.UserDAOTest" time="0.001"/>
  <testcase name="authenticate_returnsFalse_whenEmailNotFound" classname="com.lockedin.lockedin.model.dao.UserDAOTest" time="0.001"/>
  <testcase name="updateFirstName_returnsFalse_whenIdMissing" classname="com.lockedin.lockedin.model.dao.UserDAOTest" time="0.0"/>
  <testcase name="createUser_returnsTrue" classname="com.lockedin.lockedin.model.dao.UserDAOTest" time="0.0"/>
  <testcase name="getUserById_returnsEmpty_whenNotFound" classname="com.lockedin.lockedin.model.dao.UserDAOTest" time="0.0"/>
  <testcase name="authenticate_returnsTrue_withCorrectPassword" classname="com.lockedin.lockedin.model.dao.UserDAOTest" time="0.002"/>
  <testcase name="createUser_preservesAllFields" classname="com.lockedin.lockedin.model.dao.UserDAOTest" time="0.001"/>
  <testcase name="authenticate_returnsFalse_withWrongPassword" classname="com.lockedin.lockedin.model.dao.UserDAOTest" time="0.001"/>
  <testcase name="getUserByEmail_returnsUser_whenExists" classname="com.lockedin.lockedin.model.dao.UserDAOTest" time="0.0"/>
  <testcase name="getUserByEmail_returnsEmpty_whenNotFound" classname="com.lockedin.lockedin.model.dao.UserDAOTest" time="0.001"/>
  <testcase name="getUserById_returnsUser_whenExists" classname="com.lockedin.lockedin.model.dao.UserDAOTest" time="0.001"/>
</testsuite>