<?xml version="1.0" encoding="UTF-8"?>
<testsuite xmlns:xsi="http://www.w3.org/2001/XMLSchema-instance" xsi:noNamespaceSchemaLocation="https://maven.apache.org/surefire/maven-surefire-plugin/xsd/surefire-test-report-3.0.xsd" version="3.0" name="com.lockedin.lockedin.model.entity.user.MeasurementTest" time="0.006" tests="5" errors="0" skipped="0" failures="0">
  <properties>
[...]
</properties>
  <testcase name="testConstructorWithId" classname="com.lockedin.lockedin.model.entity.user.MeasurementTest" time="0.001"/>
  <testcase name="testConstructorWithoutId" classname="com.lockedin.lockedin.model.entity.user.MeasurementTest" time="0.001"/>
  <testcase name="testSetDate" classname="com.lockedin.lockedin.model.entity.user.MeasurementTest" time="0.001"/>
  <testcase name="testSetType" classname="com.lockedin.lockedin.model.entity.user.MeasurementTest" time="0.001"/>
  <testcase name="testSetValue" classname="com.lockedin.lockedin.model.entity.user.MeasurementTest" time="0.001"/>
</testsuite>